\BOOKMARK [0][-]{chapter.1}{Preface}{}
\BOOKMARK [0][-]{chapter.2}{Lexical Syntax}{}
\BOOKMARK [1][-]{section.2.1}{Identifiers}{chapter.2}
\BOOKMARK [2][-]{subsection.2.1.1}{Syntax}{section.2.1}
\BOOKMARK [2][-]{subsection.2.1.2}{Examples}{section.2.1}
\BOOKMARK [1][-]{section.2.2}{String Literals}{chapter.2}
\BOOKMARK [2][-]{subsection.2.2.1}{Syntax}{section.2.2}
\BOOKMARK [2][-]{subsection.2.2.2}{Examples}{section.2.2}
\BOOKMARK [1][-]{section.2.3}{Integer Literals}{chapter.2}
\BOOKMARK [2][-]{subsection.2.3.1}{Syntax}{section.2.3}
\BOOKMARK [1][-]{section.2.4}{Comments}{chapter.2}
\BOOKMARK [2][-]{subsection.2.4.1}{Syntax}{section.2.4}
\BOOKMARK [1][-]{section.2.5}{White Space}{chapter.2}
\BOOKMARK [1][-]{section.2.6}{Reserved Keywords}{chapter.2}
\BOOKMARK [0][-]{chapter.3}{Types}{}
\BOOKMARK [1][-]{section.3.1}{Simple Type References}{chapter.3}
\BOOKMARK [2][-]{subsection.3.1.1}{Syntax}{section.3.1}
\BOOKMARK [2][-]{subsection.3.1.2}{Examples}{section.3.1}
\BOOKMARK [1][-]{section.3.2}{Function Types}{chapter.3}
\BOOKMARK [2][-]{subsection.3.2.1}{Syntax}{section.3.2}
\BOOKMARK [2][-]{subsection.3.2.2}{Examples}{section.3.2}
\BOOKMARK [1][-]{section.3.3}{Parameterized Type References}{chapter.3}
\BOOKMARK [2][-]{subsection.3.3.1}{Syntax}{section.3.3}
\BOOKMARK [2][-]{subsection.3.3.2}{Examples}{section.3.3}
\BOOKMARK [0][-]{chapter.4}{Expressions}{}
\BOOKMARK [1][-]{section.4.1}{Literals}{chapter.4}
\BOOKMARK [2][-]{subsection.4.1.1}{String Literals}{section.4.1}
\BOOKMARK [2][-]{subsection.4.1.2}{Integer Literals}{section.4.1}
\BOOKMARK [2][-]{subsection.4.1.3}{Boolean Literals}{section.4.1}
\BOOKMARK [2][-]{subsection.4.1.4}{Syntax}{section.4.1}
\BOOKMARK [2][-]{subsection.4.1.5}{Null Literal}{section.4.1}
\BOOKMARK [2][-]{subsection.4.1.6}{Syntax}{section.4.1}
\BOOKMARK [2][-]{subsection.4.1.7}{Type Literals}{section.4.1}
\BOOKMARK [2][-]{subsection.4.1.8}{Syntax}{section.4.1}
\BOOKMARK [1][-]{section.4.2}{Infix Operators}{chapter.4}
\BOOKMARK [2][-]{subsection.4.2.1}{Property Assignment}{section.4.2}
\BOOKMARK [2][-]{subsection.4.2.2}{Short-Circuit Boolean Operators}{section.4.2}
\BOOKMARK [2][-]{subsection.4.2.3}{Examples}{section.4.2}
\BOOKMARK [1][-]{section.4.3}{Feature Calls}{chapter.4}
\BOOKMARK [2][-]{subsection.4.3.1}{Syntax}{section.4.3}
\BOOKMARK [2][-]{subsection.4.3.2}{Property Access}{section.4.3}
\BOOKMARK [2][-]{subsection.4.3.3}{Implicit 'this' variable}{section.4.3}
\BOOKMARK [2][-]{subsection.4.3.4}{Examples}{section.4.3}
\BOOKMARK [1][-]{section.4.4}{Closures}{chapter.4}
\BOOKMARK [2][-]{subsection.4.4.1}{Syntax}{section.4.4}
\BOOKMARK [2][-]{subsection.4.4.2}{Function Mapping}{section.4.4}
\BOOKMARK [2][-]{subsection.4.4.3}{Type Inference}{section.4.4}
\BOOKMARK [2][-]{subsection.4.4.4}{Examples}{section.4.4}
\BOOKMARK [1][-]{section.4.5}{If Expression}{chapter.4}
\BOOKMARK [2][-]{subsection.4.5.1}{Syntax}{section.4.5}
\BOOKMARK [2][-]{subsection.4.5.2}{Type Inference}{section.4.5}
\BOOKMARK [2][-]{subsection.4.5.3}{Examples}{section.4.5}
\BOOKMARK [1][-]{section.4.6}{Switch Expression}{chapter.4}
\BOOKMARK [2][-]{subsection.4.6.1}{Syntax}{section.4.6}
\BOOKMARK [2][-]{subsection.4.6.2}{Leaving out the main expression}{section.4.6}
\BOOKMARK [2][-]{subsection.4.6.3}{Inline polymorphic dispatch}{section.4.6}
\BOOKMARK [2][-]{subsection.4.6.4}{Type inference}{section.4.6}
\BOOKMARK [1][-]{section.4.7}{Variable Declarations}{chapter.4}
\BOOKMARK [2][-]{subsection.4.7.1}{Syntax}{section.4.7}
\BOOKMARK [2][-]{subsection.4.7.2}{Type Inference}{section.4.7}
\BOOKMARK [1][-]{section.4.8}{Blocks}{chapter.4}
\BOOKMARK [2][-]{subsection.4.8.1}{Syntax}{section.4.8}
\BOOKMARK [2][-]{subsection.4.8.2}{Examples}{section.4.8}
\BOOKMARK [1][-]{section.4.9}{While Loop}{chapter.4}
\BOOKMARK [2][-]{subsection.4.9.1}{Syntax}{section.4.9}
\BOOKMARK [2][-]{subsection.4.9.2}{Examples}{section.4.9}
\BOOKMARK [1][-]{section.4.10}{Do-While Loop}{chapter.4}
\BOOKMARK [2][-]{subsection.4.10.1}{Syntax}{section.4.10}
\BOOKMARK [2][-]{subsection.4.10.2}{Examples}{section.4.10}
\BOOKMARK [1][-]{section.4.11}{For Loop}{chapter.4}
\BOOKMARK [2][-]{subsection.4.11.1}{Syntax}{section.4.11}
\BOOKMARK [2][-]{subsection.4.11.2}{Type Inference}{section.4.11}
\BOOKMARK [2][-]{subsection.4.11.3}{Examples}{section.4.11}
\BOOKMARK [1][-]{section.4.12}{Constructor Call}{chapter.4}
\BOOKMARK [2][-]{subsection.4.12.1}{Syntax}{section.4.12}
\BOOKMARK [2][-]{subsection.4.12.2}{Example}{section.4.12}
