This is pdfTeXk, Version 3.141592-1.40.3 (Web2C 7.5.6) (format=pdflatex 2008.3.26)  30 SEP 2010 12:15
entering extended mode
 %&-line parsing enabled.
**src-gen/out.tex
(./src-gen/out.tex
LaTeX2e <2005/12/01>
Babel <v3.8h> and hyphenation patterns for english, usenglishmax, dumylang, noh
yphenation, arabic, basque, bulgarian, coptic, welsh, czech, slovak, german, ng
erman, danish, esperanto, spanish, catalan, galician, estonian, farsi, finnish,
 french, greek, monogreek, ancientgreek, croatian, hungarian, interlingua, ibyc
us, indonesian, icelandic, italian, latin, mongolian, dutch, norsk, polish, por
tuguese, pinyin, romanian, russian, slovenian, uppersorbian, serbian, swedish, 
turkish, ukenglish, ukrainian, loaded.
(/usr/local/texlive/2007/texmf-dist/tex/latex/koma-script/scrreprt.cls
Document Class: scrreprt 2006/07/30 v2.95b KOMA-Script document class (report)
(/usr/local/texlive/2007/texmf-dist/tex/latex/koma-script/scrkbase.sty
Package: scrkbase 2006/07/30 v2.95b KOMA-Script package (basics and keyval use)


(/usr/local/texlive/2007/texmf-dist/tex/latex/koma-script/scrlfile.sty
Package: scrlfile 2006/03/28 v2.95 KOMA-Script package (loading files)

Package scrlfile, 2006/03/28 v2.95 KOMA-Script package (loading files)
                  Copyright (C) Markus Kohm

) (/usr/local/texlive/2007/texmf-dist/tex/latex/graphics/keyval.sty
Package: keyval 1999/03/16 v1.13 key=value parser (DPC)
\KV@toks@=\toks14
))
(/usr/local/texlive/2007/texmf-dist/tex/latex/base/size11.clo
File: size11.clo 2005/09/16 v1.4f Standard LaTeX file (size option)
)
(/usr/local/texlive/2007/texmf-dist/tex/latex/koma-script/typearea.sty
Package: typearea 2006/07/30 v2.95b KOMA-Script package (type area)

Package typearea, 2006/07/30 v2.95b KOMA-Script package (type area)
                  Copyright (C) Frank Neukam, 1992-1994
                  Copyright (C) Markus Kohm, 1994-2002

\ta@bcor=\skip41
\ta@div=\count79
Package scrkbase Info: You've used the obsolete option `a4paper'.
(scrkbase)             \KOMAoptions{paper=a4} will be used instead.
(scrkbase)             You should do this change too on input line 419.
\ta@hblk=\skip42
\ta@vblk=\skip43
\ta@temp=\skip44
Package typearea Info: These are the values describing the layout:
(typearea)             DIV  = 10
(typearea)             BCOR = 0.0pt
(typearea)             \paperwidth      = 597.50793pt
(typearea)              \textwidth      = 418.25555pt
(typearea)              DIV-departure   = -6/100
(typearea)              \evensidemargin = 17.3562pt
(typearea)              \oddsidemargin  = 17.3562pt
(typearea)             \paperheight     = 845.04694pt
(typearea)              \textheight     = 595.80026pt
(typearea)              \topmargin      = -25.16531pt
(typearea)              \headheight     = 17.0pt
(typearea)              \headsep        = 20.40001pt
(typearea)              \topskip        = 11.0pt
(typearea)              \footskip       = 47.60002pt
(typearea)              \baselineskip   = 13.6pt
(typearea)              on input line 832.
)
\c@part=\count80
\c@chapter=\count81
\c@section=\count82
\c@subsection=\count83
\c@subsubsection=\count84
\c@paragraph=\count85
\c@subparagraph=\count86
\abovecaptionskip=\skip45
\belowcaptionskip=\skip46
\c@pti@nb@sid@b@x=\box26
\c@figure=\count87
\c@table=\count88
\bibindent=\dimen102
) (/usr/local/texlive/2007/texmf-dist/tex/latex/base/fontenc.sty
Package: fontenc 2005/09/27 v1.99g Standard LaTeX package

(/usr/local/texlive/2007/texmf-dist/tex/latex/base/t1enc.def
File: t1enc.def 2005/09/27 v1.99g Standard LaTeX file
LaTeX Font Info:    Redeclaring font encoding T1 on input line 43.
))
(/usr/local/texlive/2007/texmf-dist/tex/latex/ae/ae.sty
Package: ae 2001/02/12 1.3 Almost European Computer Modern

(/usr/local/texlive/2007/texmf-dist/tex/latex/base/fontenc.sty
Package: fontenc 2005/09/27 v1.99g Standard LaTeX package

(/usr/local/texlive/2007/texmf-dist/tex/latex/base/t1enc.def
File: t1enc.def 2005/09/27 v1.99g Standard LaTeX file
LaTeX Font Info:    Redeclaring font encoding T1 on input line 43.
)
LaTeX Font Info:    Try loading font information for T1+aer on input line 100.

(/usr/local/texlive/2007/texmf-dist/tex/latex/ae/t1aer.fd
File: t1aer.fd 1997/11/16 Font definitions for T1/aer.
)))
(/usr/local/texlive/2007/texmf-dist/tex/latex/ae/aecompl.sty
Package: aecompl 1998/07/23 0.9 T1 Complements for AE fonts (D. Roegel)
)
(/usr/local/texlive/2007/texmf-dist/tex/latex/base/inputenc.sty
Package: inputenc 2006/05/05 v1.1b Input encoding file
\inpenc@prehook=\toks15
\inpenc@posthook=\toks16

(/usr/local/texlive/2007/texmf-dist/tex/latex/base/latin1.def
File: latin1.def 2006/05/05 v1.1b Input encoding file
))
(/usr/local/texlive/2007/texmf-dist/tex/latex/listings/listings.sty
\lst@mode=\count89
\lst@gtempboxa=\box27
\lst@token=\toks17
\lst@length=\count90
\lst@currlwidth=\dimen103
\lst@column=\count91
\lst@pos=\count92
\lst@lostspace=\dimen104
\lst@width=\dimen105
\lst@newlines=\count93
\lst@lineno=\count94
\c@lstlisting=\count95
\lst@maxwidth=\dimen106

(/usr/local/texlive/2007/texmf-dist/tex/latex/listings/lstpatch.sty
File: lstpatch.sty 2004/10/17 1.3b (Carsten Heinz)
)
(/usr/local/texlive/2007/texmf-dist/tex/latex/listings/lstmisc.sty
File: lstmisc.sty 2004/09/07 1.3 (Carsten Heinz)
\c@lstnumber=\count96
\lst@skipnumbers=\count97
\lst@framebox=\box28
)
(/usr/local/texlive/2007/texmf-dist/tex/latex/listings/listings.cfg
File: listings.cfg 2004/09/05 1.3 listings configuration
))
Package: listings 2004/10/17 1.3b (Carsten Heinz)

(/usr/local/texlive/2007/texmf-dist/tex/generic/babel/babel.sty
Package: babel 2005/11/23 v3.8h The Babel package

(/usr/local/texlive/2007/texmf-dist/tex/generic/babel/english.ldf
Language: english 2005/03/30 v3.3o English support from the babel system

(/usr/local/texlive/2007/texmf-dist/tex/generic/babel/babel.def
File: babel.def 2005/11/23 v3.8h Babel common definitions
\babel@savecnt=\count98
\U@D=\dimen107
)
\l@british = a dialect from \language\l@english 
\l@UKenglish = a dialect from \language\l@english 
\l@canadian = a dialect from \language\l@american 
\l@australian = a dialect from \language\l@british 
\l@newzealand = a dialect from \language\l@british 
))
(/usr/local/texlive/2007/texmf-dist/tex/latex/hyperref/hyperref.sty
Package: hyperref 2007/02/07 v6.75r Hypertext links for LaTeX
\@linkdim=\dimen108
\Hy@linkcounter=\count99
\Hy@pagecounter=\count100

(/usr/local/texlive/2007/texmf-dist/tex/latex/hyperref/pd1enc.def
File: pd1enc.def 2007/02/07 v6.75r Hyperref: PDFDocEncoding definition (HO)
)
(/usr/local/texlive/2007/texmf/tex/latex/config/hyperref.cfg
File: hyperref.cfg 2002/06/06 v1.2 hyperref configuration of TeXLive
)
(/usr/local/texlive/2007/texmf-dist/tex/latex/oberdiek/kvoptions.sty
Package: kvoptions 2006/08/22 v2.4 Connects package keyval with LaTeX options (
HO)
)
Package hyperref Info: Hyper figures OFF on input line 2288.
Package hyperref Info: Link nesting OFF on input line 2293.
Package hyperref Info: Hyper index ON on input line 2296.
Package hyperref Info: Plain pages OFF on input line 2303.
Package hyperref Info: Backreferencing OFF on input line 2308.

Implicit mode ON; LaTeX internals redefined
Package hyperref Info: Bookmarks ON on input line 2444.
(/usr/local/texlive/2007/texmf-dist/tex/latex/ltxmisc/url.sty
\Urlmuskip=\muskip10
Package: url 2005/06/27  ver 3.2  Verb mode for urls, etc.
)
LaTeX Info: Redefining \url on input line 2599.
\Fld@menulength=\count101
\Field@Width=\dimen109
\Fld@charsize=\dimen110
\Choice@toks=\toks18
\Field@toks=\toks19
Package hyperref Info: Hyper figures OFF on input line 3102.
Package hyperref Info: Link nesting OFF on input line 3107.
Package hyperref Info: Hyper index ON on input line 3110.
Package hyperref Info: backreferencing OFF on input line 3117.
Package hyperref Info: Link coloring OFF on input line 3122.
\Hy@abspage=\count102
\c@Item=\count103
\c@Hfootnote=\count104
)
*hyperref using default driver hpdftex*
(/usr/local/texlive/2007/texmf-dist/tex/latex/hyperref/hpdftex.def
File: hpdftex.def 2007/02/07 v6.75r Hyperref driver for pdfTeX
\Fld@listcount=\count105
)
\itemindentlen=\skip47

(src-gen/out.aux)
\openout1 = `out.aux'.

LaTeX Font Info:    Checking defaults for OML/cmm/m/it on input line 39.
LaTeX Font Info:    ... okay on input line 39.
LaTeX Font Info:    Checking defaults for T1/cmr/m/n on input line 39.
LaTeX Font Info:    ... okay on input line 39.
LaTeX Font Info:    Checking defaults for OT1/cmr/m/n on input line 39.
LaTeX Font Info:    ... okay on input line 39.
LaTeX Font Info:    Checking defaults for OMS/cmsy/m/n on input line 39.
LaTeX Font Info:    ... okay on input line 39.
LaTeX Font Info:    Checking defaults for OMX/cmex/m/n on input line 39.
LaTeX Font Info:    ... okay on input line 39.
LaTeX Font Info:    Checking defaults for U/cmr/m/n on input line 39.
LaTeX Font Info:    ... okay on input line 39.
LaTeX Font Info:    Checking defaults for PD1/pdf/m/n on input line 39.
LaTeX Font Info:    ... okay on input line 39.
Package hyperref Info: Link coloring OFF on input line 39.

(/usr/local/texlive/2007/texmf-dist/tex/latex/hyperref/nameref.sty
Package: nameref 2006/12/27 v2.28 Cross-referencing by name of section

(/usr/local/texlive/2007/texmf-dist/tex/latex/oberdiek/refcount.sty
Package: refcount 2006/02/20 v3.0 Data extraction from references (HO)
)
\c@section@level=\count106
)
LaTeX Info: Redefining \ref on input line 39.
LaTeX Info: Redefining \pageref on input line 39.

(src-gen/out.out) (src-gen/out.out)
\@outlinefile=\write3
\openout3 = `out.out'.


Chapter 1.
LaTeX Font Info:    Try loading font information for T1+aess on input line 41.
(/usr/local/texlive/2007/texmf-dist/tex/latex/ae/t1aess.fd
File: t1aess.fd 1997/11/16 Font definitions for T1/aess.
)
Overfull \hbox (2.16959pt too wide) in paragraph at lines 47--54
\T1/aer/m/n/10.95 in-tro-duce new coarse-grained con-cepts, such as ser-vices, 
en-ti-ties, value ob-jects or statema-
 []

LaTeX Font Info:    Try loading font information for OMS+aer on input line 66.
(/usr/local/texlive/2007/texmf-dist/tex/latex/ae/omsaer.fd
File: omsaer.fd 1999/12/27
)
LaTeX Font Info:    Font shape `OMS/aer/m/n' in size <10.95> not available
(Font)              Font shape `OMS/cmsy/m/n' tried instead on input line 66.

Overfull \hbox (5.47507pt too wide) in paragraph at lines 66--69
[][] 
 []


Overfull \hbox (5.47507pt too wide) in paragraph at lines 69--72
[][] 
 []


Overfull \hbox (5.47507pt too wide) in paragraph at lines 72--75
[][] 
 []


Overfull \hbox (5.47507pt too wide) in paragraph at lines 75--78
[][] 
 []


Overfull \hbox (5.47507pt too wide) in paragraph at lines 78--81
[][] 
 []

[1


{/usr/local/texlive/2007/texmf-var/fonts/map/pdftex/updmap/pdftex.map}]
Overfull \hbox (5.47507pt too wide) in paragraph at lines 81--84
[][] 
 []


Overfull \hbox (5.47507pt too wide) in paragraph at lines 84--87
[][] 
 []


Overfull \hbox (5.47507pt too wide) in paragraph at lines 87--90
[][] 
 []

[2]
Chapter 2.
LaTeX Font Info:    Font shape `T1/aess/m/it' in size <9> not available
(Font)              Font shape `T1/aess/m/sl' tried instead on input line 111.

Overfull \hbox (5.47507pt too wide) in paragraph at lines 136--139
[][] 
 []


Overfull \hbox (5.47507pt too wide) in paragraph at lines 139--142
[][] 
 []


Overfull \hbox (5.47507pt too wide) in paragraph at lines 142--145
[][] 
 []


Overfull \hbox (5.47507pt too wide) in paragraph at lines 145--148
[][] 
 []


Overfull \hbox (5.47507pt too wide) in paragraph at lines 148--151
[][] 
 []


Overfull \hbox (5.47507pt too wide) in paragraph at lines 151--154
[][] 
 []

[3

]
Overfull \hbox (5.47507pt too wide) in paragraph at lines 190--193
[][] 
 []


Overfull \hbox (5.47507pt too wide) in paragraph at lines 193--196
[][] 
 []


Overfull \hbox (5.47507pt too wide) in paragraph at lines 196--203
[][] 
 []


Overfull \hbox (5.47507pt too wide) in paragraph at lines 203--206
[][] 
 []


Overfull \hbox (5.47507pt too wide) in paragraph at lines 206--209
[][] 
 []


LaTeX Warning: Hyper reference `Types' on page 4 undefined on input line 222.


LaTeX Warning: Reference `Types' on page 4 undefined on input line 222.

LaTeX Font Info:    External font `cmex10' loaded for size
(Font)              <9> on input line 225.
LaTeX Font Info:    External font `cmex10' loaded for size
(Font)              <6> on input line 225.
LaTeX Font Info:    External font `cmex10' loaded for size
(Font)              <5> on input line 225.
[4]
LaTeX Font Info:    Try loading font information for OMS+aess on input line 251
.
LaTeX Font Info:    No file OMSaess.fd. on input line 251.


LaTeX Font Warning: Font shape `OMS/aess/m/n' undefined
(Font)              using `OMS/cmsy/m/n' instead
(Font)              for symbol `textasteriskcentered' on input line 251.


Overfull \hbox (5.47507pt too wide) in paragraph at lines 280--283
[][] 
 []


Overfull \hbox (5.47507pt too wide) in paragraph at lines 283--286
[][] 
 []


Overfull \hbox (5.47507pt too wide) in paragraph at lines 286--289
[][] 
 []


Overfull \hbox (5.47507pt too wide) in paragraph at lines 289--292
[][] 
 []


Overfull \hbox (5.47507pt too wide) in paragraph at lines 292--295
[][] 
 []


Overfull \hbox (5.47507pt too wide) in paragraph at lines 295--298
[][] 
 []


Overfull \hbox (5.47507pt too wide) in paragraph at lines 298--301
[][] 
 []


Overfull \hbox (5.47507pt too wide) in paragraph at lines 301--304
[][] 
 []


Overfull \hbox (5.47507pt too wide) in paragraph at lines 304--307
[][] 
 []


Overfull \hbox (5.47507pt too wide) in paragraph at lines 307--310
[][] 
 []


Overfull \hbox (5.47507pt too wide) in paragraph at lines 310--313
[][] 
 []


Overfull \hbox (5.47507pt too wide) in paragraph at lines 313--316
[][] 
 []


Overfull \hbox (5.47507pt too wide) in paragraph at lines 316--319
[][] 
 []


Overfull \hbox (5.47507pt too wide) in paragraph at lines 319--322
[][] 
 []


Overfull \hbox (5.47507pt too wide) in paragraph at lines 322--325
[][] 
 []


Overfull \hbox (5.47507pt too wide) in paragraph at lines 325--328
[][] 
 []


Overfull \hbox (5.47507pt too wide) in paragraph at lines 328--331
[][] 
 []


Overfull \hbox (5.47507pt too wide) in paragraph at lines 331--334
[][] 
 []


Overfull \hbox (5.47507pt too wide) in paragraph at lines 334--337
[][] 
 []

[5]
Overfull \hbox (5.47507pt too wide) in paragraph at lines 337--340
[][] 
 []


Overfull \hbox (5.47507pt too wide) in paragraph at lines 340--343
[][] 
 []


Overfull \hbox (5.47507pt too wide) in paragraph at lines 343--346
[][] 
 []

[6]
Chapter 3.

Overfull \hbox (5.47507pt too wide) in paragraph at lines 396--399
[][] 
 []


Overfull \hbox (5.47507pt too wide) in paragraph at lines 399--402
[][] 
 []

[7

]
Overfull \hbox (5.47507pt too wide) in paragraph at lines 437--440
[][] 
 []


Overfull \hbox (5.47507pt too wide) in paragraph at lines 440--443
[][] 
 []


Overfull \hbox (5.47507pt too wide) in paragraph at lines 443--446
[][] 
 []


Overfull \hbox (5.47507pt too wide) in paragraph at lines 446--449
[][] 
 []

[8]
Overfull \hbox (5.47507pt too wide) in paragraph at lines 509--512
[][] 
 []


Overfull \hbox (5.47507pt too wide) in paragraph at lines 512--515
[][] 
 []


Overfull \hbox (5.47507pt too wide) in paragraph at lines 515--518
[][] 
 []


Overfull \hbox (5.47507pt too wide) in paragraph at lines 518--521
[][] 
 []


Overfull \hbox (5.47507pt too wide) in paragraph at lines 521--524
[][] 
 []


Overfull \hbox (5.47507pt too wide) in paragraph at lines 524--527
[][] 
 []


Overfull \hbox (5.47507pt too wide) in paragraph at lines 557--560
[][] 
 []


Overfull \hbox (5.47507pt too wide) in paragraph at lines 560--563
[][] 
 []


Overfull \hbox (5.47507pt too wide) in paragraph at lines 563--566
[][] 
 []

[9] [10]
Chapter 4.
[11

]
LaTeX Font Info:    External font `cmex10' loaded for size
(Font)              <10.95> on input line 705.
LaTeX Font Info:    External font `cmex10' loaded for size
(Font)              <8> on input line 705.


LaTeX Font Warning: Font shape `OMS/aess/m/it' undefined
(Font)              using `OMS/aess/m/n' instead
(Font)              for symbol `textasteriskcentered' on input line 716.


Underfull \hbox (badness 10000) in paragraph at lines 716--717
[][][][][][][][][][][][][][][][][][][][][][][][][][]
 []


Overfull \hbox (34.88788pt too wide) in paragraph at lines 705--740
[][] 
 []

[12] [13] (/usr/local/texlive/2007/texmf-dist/tex/latex/listings/lstlang1.sty
File: lstlang1.sty 2004/09/05 1.3 listings language file
)
Overfull \hbox (5.47507pt too wide) in paragraph at lines 819--822
[][] 
 []


Overfull \hbox (5.47507pt too wide) in paragraph at lines 822--825
[][] 
 []


Overfull \hbox (5.47507pt too wide) in paragraph at lines 839--842
[][] 
 []


Overfull \hbox (5.47507pt too wide) in paragraph at lines 842--845
[][] 
 []


Overfull \hbox (5.47507pt too wide) in paragraph at lines 845--848
[][] 
 []

[14]
Overfull \hbox (5.47507pt too wide) in paragraph at lines 848--851
[][] 
 []


Overfull \hbox (5.47507pt too wide) in paragraph at lines 851--854
[][] 
 []


Overfull \hbox (5.47507pt too wide) in paragraph at lines 854--857
[][] 
 []


Overfull \hbox (5.47507pt too wide) in paragraph at lines 857--860
[][] 
 []


Overfull \hbox (5.47507pt too wide) in paragraph at lines 860--863
[][] 
 []

[15]
Overfull \hbox (5.47507pt too wide) in paragraph at lines 936--939
[][] 
 []


Overfull \hbox (5.47507pt too wide) in paragraph at lines 939--942
[][] 
 []


Overfull \hbox (5.47507pt too wide) in paragraph at lines 942--945
[][] 
 []


Overfull \hbox (5.47507pt too wide) in paragraph at lines 945--948
[][] 
 []


Overfull \hbox (5.47507pt too wide) in paragraph at lines 985--988
[][] 
 []


Overfull \hbox (5.47507pt too wide) in paragraph at lines 988--991
[][] 
 []


Overfull \hbox (5.47507pt too wide) in paragraph at lines 991--994
[][] 
 []


Overfull \hbox (5.47507pt too wide) in paragraph at lines 994--997
[][] 
 []


Overfull \hbox (5.47507pt too wide) in paragraph at lines 997--1000
[][] 
 []

[16]
LaTeX Font Info:    Font shape `T1/aess/m/it' in size <10.95> not available
(Font)              Font shape `T1/aess/m/sl' tried instead on input line 1008.


Overfull \hbox (3.58609pt too wide) in paragraph at lines 1015--1019
\T1/aer/m/n/10.95 Closures are ex-pres-sions which pro-duce func-tion ob-jects.
 The type is a []func-tion type (3.2[])[],
 []


Overfull \hbox (5.47507pt too wide) in paragraph at lines 1050--1053
[][] 
 []


Overfull \hbox (5.47507pt too wide) in paragraph at lines 1053--1056
[][] 
 []


Overfull \hbox (5.47507pt too wide) in paragraph at lines 1056--1059
[][] 
 []

[17]
Overfull \hbox (5.47507pt too wide) in paragraph at lines 1112--1115
[][] 
 []


Overfull \hbox (5.47507pt too wide) in paragraph at lines 1115--1118
[][] 
 []


Overfull \hbox (5.47507pt too wide) in paragraph at lines 1118--1121
[][] 
 []

[18] [19]
Overfull \hbox (5.47507pt too wide) in paragraph at lines 1313--1321
[][] 
 []

[20]
Overfull \hbox (5.47507pt too wide) in paragraph at lines 1321--1333
[][] 
 []


Overfull \hbox (5.47507pt too wide) in paragraph at lines 1366--1375
[][] 
 []


Overfull \hbox (5.47507pt too wide) in paragraph at lines 1375--1382
[][] 
 []


Overfull \hbox (5.47507pt too wide) in paragraph at lines 1418--1427
[][] 
 []


Overfull \hbox (5.47507pt too wide) in paragraph at lines 1427--1434
[][] 
 []

[21]
Overfull \hbox (5.47507pt too wide) in paragraph at lines 1476--1484
[][] 
 []


Overfull \hbox (5.47507pt too wide) in paragraph at lines 1484--1494
[][] 
 []

[22] [23] (src-gen/out.aux)

LaTeX Font Warning: Some font shapes were not available, defaults substituted.


LaTeX Warning: There were undefined references.

 ) 
Here is how much of TeX's memory you used:
 5796 strings out of 94073
 79662 string characters out of 1162984
 185861 words of memory out of 1500000
 8652 multiletter control sequences out of 10000+50000
 35738 words of font info for 68 fonts, out of 1200000 for 2000
 645 hyphenation exceptions out of 8191
 35i,12n,40p,257b,1806s stack positions out of 5000i,500n,6000p,200000b,5000s
pdfTeX warning (dest): name{??} has been referenced but does not exist, repla
ced by a fixed one

</usr/local/texlive/2007/texmf-dist/fonts/type1/bluesky/cm/cmbx10.pfb></usr/loc
al/texlive/2007/texmf-dist/fonts/type1/bluesky/cm/cmmi10.pfb></usr/local/texliv
e/2007/texmf-dist/fonts/type1/bluesky/cm/cmmi9.pfb></usr/local/texlive/2007/tex
mf-dist/fonts/type1/bluesky/cm/cmr10.pfb></usr/local/texlive/2007/texmf-dist/fo
nts/type1/bluesky/cm/cmss9.pfb></usr/local/texlive/2007/texmf-dist/fonts/type1/
bluesky/cm/cmssbx10.pfb></usr/local/texlive/2007/texmf-dist/fonts/type1/bluesky
/cm/cmssi9.pfb></usr/local/texlive/2007/texmf-dist/fonts/type1/bluesky/cm/cmsy1
0.pfb></usr/local/texlive/2007/texmf-dist/fonts/type1/bluesky/cm/cmsy9.pfb></us
r/local/texlive/2007/texmf-dist/fonts/type1/bluesky/cm/cmti10.pfb>
Output written on src-gen/out.pdf (23 pages, 196458 bytes).
PDF statistics:
 848 PDF objects out of 1000 (max. 8388607)
 359 named destinations out of 1000 (max. 131072)
 737 words of extra memory for PDF output out of 10000 (max. 10000000)

